0 info it worked if it ends with ok
1 verbose cli [ '/usr/bin/node', '/usr/bin/npm', 'install', 'mongodb', '--save' ]
2 info using npm@3.5.2
3 info using node@v8.10.0
4 silly loadCurrentTree Starting
5 silly install loadCurrentTree
6 silly install readLocalPackageData
7 silly fetchPackageMetaData mongodb
8 silly fetchNamedPackageData mongodb
9 silly mapToRegistry name mongodb
10 silly mapToRegistry using default registry
11 silly mapToRegistry registry https://registry.npmjs.org/
12 silly mapToRegistry uri https://registry.npmjs.org/mongodb
13 verbose request uri https://registry.npmjs.org/mongodb
14 verbose request no auth needed
15 info attempt registry request try #1 at 12:57:15
16 verbose request id 97c017347b612316
17 http request GET https://registry.npmjs.org/mongodb
18 http 200 https://registry.npmjs.org/mongodb
19 verbose headers { date: 'Fri, 05 Apr 2019 15:57:16 GMT',
19 verbose headers   'content-type': 'application/json',
19 verbose headers   'transfer-encoding': 'chunked',
19 verbose headers   connection: 'keep-alive',
19 verbose headers   'set-cookie':
19 verbose headers    [ '__cfduid=da5a5982e50bfe8b9d0719465022cfb221554479836; expires=Sat, 04-Apr-20 15:57:16 GMT; path=/; domain=.registry.npmjs.org; HttpOnly' ],
19 verbose headers   'cf-cache-status': 'HIT',
19 verbose headers   'cache-control': 'max-age=300',
19 verbose headers   'cf-ray': '4c2cb77f693f4acd-GRU',
19 verbose headers   etag: 'W/"59bd51e801f55116070f4418ab6b5a94"',
19 verbose headers   'expect-ct': 'max-age=604800, report-uri="https://report-uri.cloudflare.com/cdn-cgi/beacon/expect-ct"',
19 verbose headers   'last-modified': 'Fri, 22 Mar 2019 21:36:04 GMT',
19 verbose headers   vary: 'accept-encoding, accept',
19 verbose headers   'x-amz-meta-rev': '1828-1f1f6e3501100f26335b3cfc7f3d4142',
19 verbose headers   server: 'cloudflare',
19 verbose headers   'content-encoding': 'gzip' }
20 silly get cb [ 200,
20 silly get   { date: 'Fri, 05 Apr 2019 15:57:16 GMT',
20 silly get     'content-type': 'application/json',
20 silly get     'transfer-encoding': 'chunked',
20 silly get     connection: 'keep-alive',
20 silly get     'set-cookie':
20 silly get      [ '__cfduid=da5a5982e50bfe8b9d0719465022cfb221554479836; expires=Sat, 04-Apr-20 15:57:16 GMT; path=/; domain=.registry.npmjs.org; HttpOnly' ],
20 silly get     'cf-cache-status': 'HIT',
20 silly get     'cache-control': 'max-age=300',
20 silly get     'cf-ray': '4c2cb77f693f4acd-GRU',
20 silly get     etag: 'W/"59bd51e801f55116070f4418ab6b5a94"',
20 silly get     'expect-ct': 'max-age=604800, report-uri="https://report-uri.cloudflare.com/cdn-cgi/beacon/expect-ct"',
20 silly get     'last-modified': 'Fri, 22 Mar 2019 21:36:04 GMT',
20 silly get     vary: 'accept-encoding, accept',
20 silly get     'x-amz-meta-rev': '1828-1f1f6e3501100f26335b3cfc7f3d4142',
20 silly get     server: 'cloudflare',
20 silly get     'content-encoding': 'gzip' } ]
21 verbose get saving mongodb to /home/diego/.npm/registry.npmjs.org/mongodb/.cache.json
22 silly install normalizeTree
23 silly loadCurrentTree Finishing
24 silly loadIdealTree Starting
25 silly install loadIdealTree
26 silly cloneCurrentTree Starting
27 silly install cloneCurrentTreeToIdealTree
28 silly cloneCurrentTree Finishing
29 silly loadShrinkwrap Starting
30 silly install loadShrinkwrap
31 silly loadShrinkwrap Finishing
32 silly loadAllDepsIntoIdealTree Starting
33 silly install loadAllDepsIntoIdealTree
34 silly resolveWithNewModule mongodb@3.2.2 checking installable status
35 silly cache add args [ 'mongodb', null ]
36 verbose cache add spec mongodb
37 silly cache add parsed spec Result {
37 silly cache add   raw: 'mongodb',
37 silly cache add   scope: null,
37 silly cache add   name: 'mongodb',
37 silly cache add   rawSpec: '',
37 silly cache add   spec: 'latest',
37 silly cache add   type: 'tag' }
38 silly addNamed mongodb@latest
39 verbose addNamed "latest" is being treated as a dist-tag for mongodb
40 info addNameTag [ 'mongodb', 'latest' ]
41 silly mapToRegistry name mongodb
42 silly mapToRegistry using default registry
43 silly mapToRegistry registry https://registry.npmjs.org/
44 silly mapToRegistry uri https://registry.npmjs.org/mongodb
45 verbose addNameTag registry:https://registry.npmjs.org/mongodb not in flight; fetching
46 verbose request uri https://registry.npmjs.org/mongodb
47 verbose request no auth needed
48 info attempt registry request try #1 at 12:57:16
49 http request GET https://registry.npmjs.org/mongodb
50 http 200 https://registry.npmjs.org/mongodb
51 verbose headers { date: 'Fri, 05 Apr 2019 15:57:16 GMT',
51 verbose headers   'content-type': 'application/json',
51 verbose headers   'transfer-encoding': 'chunked',
51 verbose headers   connection: 'keep-alive',
51 verbose headers   'set-cookie':
51 verbose headers    [ '__cfduid=da5a5982e50bfe8b9d0719465022cfb221554479836; expires=Sat, 04-Apr-20 15:57:16 GMT; path=/; domain=.registry.npmjs.org; HttpOnly' ],
51 verbose headers   'cf-cache-status': 'HIT',
51 verbose headers   'cache-control': 'max-age=300',
51 verbose headers   'cf-ray': '4c2cb78139d84acd-GRU',
51 verbose headers   etag: 'W/"59bd51e801f55116070f4418ab6b5a94"',
51 verbose headers   'expect-ct': 'max-age=604800, report-uri="https://report-uri.cloudflare.com/cdn-cgi/beacon/expect-ct"',
51 verbose headers   'last-modified': 'Fri, 22 Mar 2019 21:36:04 GMT',
51 verbose headers   vary: 'accept-encoding, accept',
51 verbose headers   'x-amz-meta-rev': '1828-1f1f6e3501100f26335b3cfc7f3d4142',
51 verbose headers   server: 'cloudflare',
51 verbose headers   'content-encoding': 'gzip' }
52 silly get cb [ 200,
52 silly get   { date: 'Fri, 05 Apr 2019 15:57:16 GMT',
52 silly get     'content-type': 'application/json',
52 silly get     'transfer-encoding': 'chunked',
52 silly get     connection: 'keep-alive',
52 silly get     'set-cookie':
52 silly get      [ '__cfduid=da5a5982e50bfe8b9d0719465022cfb221554479836; expires=Sat, 04-Apr-20 15:57:16 GMT; path=/; domain=.registry.npmjs.org; HttpOnly' ],
52 silly get     'cf-cache-status': 'HIT',
52 silly get     'cache-control': 'max-age=300',
52 silly get     'cf-ray': '4c2cb78139d84acd-GRU',
52 silly get     etag: 'W/"59bd51e801f55116070f4418ab6b5a94"',
52 silly get     'expect-ct': 'max-age=604800, report-uri="https://report-uri.cloudflare.com/cdn-cgi/beacon/expect-ct"',
52 silly get     'last-modified': 'Fri, 22 Mar 2019 21:36:04 GMT',
52 silly get     vary: 'accept-encoding, accept',
52 silly get     'x-amz-meta-rev': '1828-1f1f6e3501100f26335b3cfc7f3d4142',
52 silly get     server: 'cloudflare',
52 silly get     'content-encoding': 'gzip' } ]
53 verbose get saving mongodb to /home/diego/.npm/registry.npmjs.org/mongodb/.cache.json
54 silly addNameTag next cb for mongodb with tag latest
55 silly addNamed mongodb@3.2.2
56 verbose addNamed "3.2.2" is a plain semver version for mongodb
57 silly mapToRegistry name mongodb
58 silly mapToRegistry using default registry
59 silly mapToRegistry registry https://registry.npmjs.org/
60 silly mapToRegistry uri https://registry.npmjs.org/mongodb
61 verbose addRemoteTarball https://registry.npmjs.org/mongodb/-/mongodb-3.2.2.tgz not in flight; adding
62 verbose addRemoteTarball [ 'https://registry.npmjs.org/mongodb/-/mongodb-3.2.2.tgz',
62 verbose addRemoteTarball   '49b592be3cd50097f78e0964488d18c2e189de20' ]
63 silly rollbackFailedOptional Starting
64 silly rollbackFailedOptional Finishing
65 silly runTopLevelLifecycles Starting
66 silly runTopLevelLifecycles Finishing
67 silly install printInstalled
68 verbose stack Error: EROFS: read-only file system, mkdir '/tmp/npm-24995-32e7f80f'
69 verbose cwd /media/diego/Arquivos 1/Programacao/TesteEasy
70 error Linux 4.15.0-47-generic
71 error argv "/usr/bin/node" "/usr/bin/npm" "install" "mongodb" "--save"
72 error node v8.10.0
73 error npm  v3.5.2
74 error path /tmp/npm-24995-32e7f80f
75 error code EROFS
76 error errno -30
77 error syscall mkdir
78 error rofs EROFS: read-only file system, mkdir '/tmp/npm-24995-32e7f80f'
79 error rofs This is most likely not a problem with npm itself
79 error rofs and is related to the file system being read-only.
79 error rofs
79 error rofs Often virtualized file systems, or other file systems
79 error rofs that don't support symlinks, give this error.
80 verbose exit [ -30, true ]
